[    0.000000] Initializing cgroup subsys cpuset
[    0.000000] Initializing cgroup subsys cpu
[    0.000000] Initializing cgroup subsys cpuacct
[    0.000000] Linux version 4.4.0-112-generic (buildd@lgw01-amd64-010) (gcc version 5.4.0 20160609 (Ubuntu 5.4.0-6ubuntu1~16.04.5) ) #135-Ubuntu SMP Fri Jan 19 11:48:36 UTC 2018 (Ubuntu 4.4.0-112.135-generic 4.4.98)
[    0.000000] Command line: BOOT_IMAGE=/boot/vmlinuz-4.4.0-112-generic root=LABEL=cloudimg-rootfs ro console=tty1 console=ttyS0
[    0.000000] KERNEL supported cpus:
[    0.000000]   Intel GenuineIntel
[    0.000000]   AMD AuthenticAMD
[    0.000000]   Centaur CentaurHauls
[    0.000000] x86/fpu: xstate_offset[2]:  576, xstate_sizes[2]:  256
[    0.000000] x86/fpu: Supporting XSAVE feature 0x01: 'x87 floating point registers'
[    0.000000] x86/fpu: Supporting XSAVE feature 0x02: 'SSE registers'
[    0.000000] x86/fpu: Supporting XSAVE feature 0x04: 'AVX registers'
[    0.000000] x86/fpu: Enabled xstate features 0x7, context size is 832 bytes, using 'standard' format.
[    0.000000] x86/fpu: Using 'lazy' FPU context switches.
[    0.000000] e820: BIOS-provided physical RAM map:
[    0.000000] BIOS-e820: [mem 0x0000000000000000-0x000000000009fbff] usable
[    0.000000] BIOS-e820: [mem 0x000000000009fc00-0x000000000009ffff] reserved
[    0.000000] BIOS-e820: [mem 0x00000000000f0000-0x00000000000fffff] reserved
[    0.000000] BIOS-e820: [mem 0x0000000000100000-0x000000003ffeffff] usable
[    0.000000] BIOS-e820: [mem 0x000000003fff0000-0x000000003fffffff] ACPI data
[    0.000000] BIOS-e820: [mem 0x00000000fffc0000-0x00000000ffffffff] reserved
[    0.000000] NX (Execute Disable) protection: active
[    0.000000] SMBIOS 2.5 present.
[    0.000000] Hypervisor detected: KVM
[    0.000000] e820: last_pfn = 0x3fff0 max_arch_pfn = 0x400000000
[    0.000000] MTRR: Disabled
[    0.000000] x86/PAT: MTRRs disabled, skipping PAT initialization too.
[    0.000000] CPU MTRRs all blank - virtualized system.
[    0.000000] x86/PAT: Configuration [0-7]: WB  WT  UC- UC  WB  WT  UC- UC  
[    0.000000] found SMP MP-table at [mem 0x0009fff0-0x0009ffff] mapped at [ffff88000009fff0]
[    0.000000] Scanning 1 areas for low memory corruption
[    0.000000] RAMDISK: [mem 0x36adc000-0x37565fff]
[    0.000000] ACPI: Early table checksum verification disabled
[    0.000000] ACPI: RSDP 0x00000000000E0000 000024 (v02 VBOX  )
[    0.000000] ACPI: XSDT 0x000000003FFF0030 00003C (v01 VBOX   VBOXXSDT 00000001 ASL  00000061)
[    0.000000] ACPI: FACP 0x000000003FFF00F0 0000F4 (v04 VBOX   VBOXFACP 00000001 ASL  00000061)
[    0.000000] ACPI: DSDT 0x000000003FFF0470 002118 (v01 VBOX   VBOXBIOS 00000002 INTL 20160108)
[    0.000000] ACPI: FACS 0x000000003FFF0200 000040
[    0.000000] ACPI: FACS 0x000000003FFF0200 000040
[    0.000000] ACPI: APIC 0x000000003FFF0240 00005C (v02 VBOX   VBOXAPIC 00000001 ASL  00000061)
[    0.000000] ACPI: SSDT 0x000000003FFF02A0 0001CC (v01 VBOX   VBOXCPUT 00000002 INTL 20160108)
[    0.000000] No NUMA configuration found
[    0.000000] Faking a node at [mem 0x0000000000000000-0x000000003ffeffff]
[    0.000000] NODE_DATA(0) allocated [mem 0x3ffeb000-0x3ffeffff]
[    0.000000] kvm-clock: Using msrs 4b564d01 and 4b564d00
[    0.000000] kvm-clock: cpu 0, msr 0:3ffe3001, primary cpu clock
[    0.000000] kvm-clock: using sched offset of 3279180076 cycles
[    0.000000] clocksource: kvm-clock: mask: 0xffffffffffffffff max_cycles: 0x1cd42e4dffb, max_idle_ns: 881590591483 ns
[    0.000000] Zone ranges:
[    0.000000]   DMA      [mem 0x0000000000001000-0x0000000000ffffff]
[    0.000000]   DMA32    [mem 0x0000000001000000-0x000000003ffeffff]
[    0.000000]   Normal   empty
[    0.000000]   Device   empty
[    0.000000] Movable zone start for each node
[    0.000000] Early memory node ranges
[    0.000000]   node   0: [mem 0x0000000000001000-0x000000000009efff]
[    0.000000]   node   0: [mem 0x0000000000100000-0x000000003ffeffff]
[    0.000000] Initmem setup node 0 [mem 0x0000000000001000-0x000000003ffeffff]
[    0.000000] ACPI: PM-Timer IO Port: 0x4008
[    0.000000] IOAPIC[0]: apic_id 2, version 17, address 0xfec00000, GSI 0-23
[    0.000000] ACPI: INT_SRC_OVR (bus 0 bus_irq 0 global_irq 2 dfl dfl)
[    0.000000] ACPI: INT_SRC_OVR (bus 0 bus_irq 9 global_irq 9 high level)
[    0.000000] Using ACPI (MADT) for SMP configuration information
[    0.000000] smpboot: Allowing 2 CPUs, 0 hotplug CPUs
[    0.000000] PM: Registered nosave memory: [mem 0x00000000-0x00000fff]
[    0.000000] PM: Registered nosave memory: [mem 0x0009f000-0x0009ffff]
[    0.000000] PM: Registered nosave memory: [mem 0x000a0000-0x000effff]
[    0.000000] PM: Registered nosave memory: [mem 0x000f0000-0x000fffff]
[    0.000000] e820: [mem 0x40000000-0xfffbffff] available for PCI devices
[    0.000000] Booting paravirtualized kernel on KVM
[    0.000000] clocksource: refined-jiffies: mask: 0xffffffff max_cycles: 0xffffffff, max_idle_ns: 7645519600211568 ns
[    0.000000] setup_percpu: NR_CPUS:512 nr_cpumask_bits:512 nr_cpu_ids:2 nr_node_ids:1
[    0.000000] PERCPU: Embedded 34 pages/cpu @ffff88003fc00000 s99544 r8192 d31528 u1048576
[    0.000000] PV qspinlock hash table entries: 256 (order: 0, 4096 bytes)
[    0.000000] Built 1 zonelists in Node order, mobility grouping on.  Total pages: 257913
[    0.000000] Policy zone: DMA32
[    0.000000] Kernel command line: BOOT_IMAGE=/boot/vmlinuz-4.4.0-112-generic root=LABEL=cloudimg-rootfs ro console=tty1 console=ttyS0
[    0.000000] PID hash table entries: 4096 (order: 3, 32768 bytes)
[    0.000000] Memory: 1001740K/1048120K available (8499K kernel code, 1309K rwdata, 3988K rodata, 1508K init, 1316K bss, 46380K reserved, 0K cma-reserved)
[    0.000000] SLUB: HWalign=64, Order=0-3, MinObjects=0, CPUs=2, Nodes=1
[    0.000000] Kernel/User page tables isolation: enabled
[    0.000000] Hierarchical RCU implementation.
[    0.000000] 	Build-time adjustment of leaf fanout to 64.
[    0.000000] 	RCU restricting CPUs from NR_CPUS=512 to nr_cpu_ids=2.
[    0.000000] RCU: Adjusting geometry for rcu_fanout_leaf=64, nr_cpu_ids=2
[    0.000000] NR_IRQS:33024 nr_irqs:440 16
[    0.000000] Console: colour VGA+ 80x25
[    0.000000] console [tty1] enabled
[    0.000000] console [ttyS0] enabled
[    0.000000] tsc: Detected 2599.982 MHz processor
[    0.222262] Calibrating delay loop (skipped) preset value.. 5199.96 BogoMIPS (lpj=10399928)
[    0.224687] pid_max: default: 32768 minimum: 301
[    0.226176] ACPI: Core revision 20150930
[    0.228430] ACPI: 2 ACPI AML tables successfully acquired and loaded
[    0.230341] Security Framework initialized
[    0.231530] Yama: becoming mindful.
[    0.233078] AppArmor: AppArmor initialized
[    0.234443] Dentry cache hash table entries: 131072 (order: 8, 1048576 bytes)
[    0.237064] Inode-cache hash table entries: 65536 (order: 7, 524288 bytes)
[    0.239035] Mount-cache hash table entries: 2048 (order: 2, 16384 bytes)
[    0.240886] Mountpoint-cache hash table entries: 2048 (order: 2, 16384 bytes)
[    0.242948] Initializing cgroup subsys io
[    0.244134] Initializing cgroup subsys memory
[    0.245407] Initializing cgroup subsys devices
[    0.246676] Initializing cgroup subsys freezer
[    0.247945] Initializing cgroup subsys net_cls
[    0.249232] Initializing cgroup subsys perf_event
[    0.250552] Initializing cgroup subsys net_prio
[    0.251833] Initializing cgroup subsys hugetlb
[    0.253107] Initializing cgroup subsys pids
[    0.254500] CPU: Physical Processor ID: 0
[    0.255672] CPU: Processor Core ID: 0
[    0.256780] FEATURE SPEC_CTRL Not Present
[    0.258846] mce: CPU supports 0 MCE banks
[    0.260055] Last level iTLB entries: 4KB 512, 2MB 8, 4MB 8
[    0.261832] Last level dTLB entries: 4KB 512, 2MB 0, 4MB 0, 1GB 4
[    0.266062] Freeing SMP alternatives memory: 32K
[    0.277748] ftrace: allocating 32180 entries in 126 pages
[    0.334575] smpboot: APIC(0) Converting physical 0 to logical package 0
[    0.336345] smpboot: Max logical packages: 1
[    0.339079] ..TIMER: vector=0x30 apic1=0 pin1=2 apic2=-1 pin2=-1
[    0.445252] smpboot: CPU0: Intel(R) Pentium(R) CPU 1403 v2 @ 2.60GHz (family: 0x6, model: 0x3e, stepping: 0x4)
[    0.448193] Performance Events: unsupported p6 CPU model 62 no PMU driver, software events only.
[    0.450856] KVM setup paravirtual spinlock
[    0.452881] x86: Booting SMP configuration:
[    0.454140] .... node  #0, CPUs:      #1
[    0.455452] kvm-clock: cpu 1, msr 0:3ffe3041, secondary cpu clock
[    0.460736] mce: CPU supports 0 MCE banks
[    0.463678] x86: Booted up 1 node, 2 CPUs
[    0.469649] smpboot: Total of 2 processors activated (10399.92 BogoMIPS)
[    0.474134] devtmpfs: initialized
[    0.491280] evm: security.selinux
[    0.493170] evm: security.SMACK64
[    0.493956] evm: security.SMACK64EXEC
[    0.501190] evm: security.SMACK64TRANSMUTE
[    0.509567] evm: security.SMACK64MMAP
[    0.513662] evm: security.ima
[    0.525021] evm: security.capability
[    0.526232] clocksource: jiffies: mask: 0xffffffff max_cycles: 0xffffffff, max_idle_ns: 7645041785100000 ns
[    0.541172] futex hash table entries: 512 (order: 3, 32768 bytes)
[    0.555377] pinctrl core: initialized pinctrl subsystem
[    0.568521] RTC time:  3:24:43, date: 02/24/18
[    0.570757] NET: Registered protocol family 16
[    0.589220] cpuidle: using governor ladder
[    0.617452] cpuidle: using governor menu
[    0.625972] PCCT header not found.
[    0.633134] ACPI: bus type PCI registered
[    0.633994] acpiphp: ACPI Hot Plug PCI Controller Driver version: 0.5
[    0.647254] PCI: Using configuration type 1 for base access
[    0.662039] ACPI: Added _OSI(Module Device)
[    0.686285] ACPI: Added _OSI(Processor Device)
[    0.688317] ACPI: Added _OSI(3.0 _SCP Extensions)
[    0.701971] ACPI: Added _OSI(Processor Aggregator Device)
[    0.722140] ACPI: Executed 1 blocks of module-level executable AML code
[    0.737358] ACPI: Interpreter enabled
[    0.745188] ACPI: (supports S0 S5)
[    0.752818] ACPI: Using IOAPIC for interrupt routing
[    0.760580] PCI: Using host bridge windows from ACPI; if necessary, use "pci=nocrs" and report a bug
[    0.791537] ACPI: PCI Root Bridge [PCI0] (domain 0000 [bus 00-ff])
[    0.793823] acpi PNP0A03:00: _OSC: OS supports [ASPM ClockPM Segments MSI]
[    0.809237] acpi PNP0A03:00: _OSC failed (AE_NOT_FOUND); disabling ASPM
[    0.822078] acpi PNP0A03:00: fail to add MMCONFIG information, can't access extended PCI configuration space under this bridge.
[    0.846014] PCI host bridge to bus 0000:00
[    0.853347] pci_bus 0000:00: root bus resource [io  0x0000-0x0cf7 window]
[    0.865133] pci_bus 0000:00: root bus resource [io  0x0d00-0xffff window]
[    0.869176] pci_bus 0000:00: root bus resource [mem 0x000a0000-0x000bffff window]
[    0.882441] pci_bus 0000:00: root bus resource [mem 0x40000000-0xffdfffff window]
[    0.895772] pci_bus 0000:00: root bus resource [bus 00-ff]
[    0.910139] pci 0000:00:01.1: legacy IDE quirk: reg 0x10: [io  0x01f0-0x01f7]
[    0.932936] pci 0000:00:01.1: legacy IDE quirk: reg 0x14: [io  0x03f6]
[    0.944992] pci 0000:00:01.1: legacy IDE quirk: reg 0x18: [io  0x0170-0x0177]
[    0.946244] pci 0000:00:01.1: legacy IDE quirk: reg 0x1c: [io  0x0376]
[    0.976972] ACPI: PCI Interrupt Link [LNKA] (IRQs 5 9 10 11) *0, disabled.
[    1.001615] ACPI: PCI Interrupt Link [LNKB] (IRQs 5 9 10 *11)
[    1.009600] ACPI: PCI Interrupt Link [LNKC] (IRQs 5 9 *10 11)
[    1.020091] ACPI: PCI Interrupt Link [LNKD] (IRQs 5 *9 10 11)
[    1.039868] ACPI: Enabled 2 GPEs in block 00 to 07
[    1.055546] vgaarb: setting as boot device: PCI:0000:00:02.0
[    1.065435] vgaarb: device added: PCI:0000:00:02.0,decodes=io+mem,owns=io+mem,locks=none
[    1.098309] vgaarb: loaded
[    1.112121] vgaarb: bridge control possible 0000:00:02.0
[    1.127286] SCSI subsystem initialized
[    1.133634] ACPI: bus type USB registered
[    1.146166] usbcore: registered new interface driver usbfs
[    1.148283] usbcore: registered new interface driver hub
[    1.149383] usbcore: registered new device driver usb
[    1.167251] PCI: Using ACPI for IRQ routing
[    1.187004] NetLabel: Initializing
[    1.188891] NetLabel:  domain hash size = 128
[    1.195077] NetLabel:  protocols = UNLABELED CIPSOv4
[    1.198206] NetLabel:  unlabeled traffic allowed by default
[    1.199571] amd_nb: Cannot enumerate AMD northbridges
[    1.205947] clocksource: Switched to clocksource kvm-clock
[    1.221641] AppArmor: AppArmor Filest Ebl
   15261pn PP ACPI init

[   .736] p:Pn APIfod deics
[    2.216858] clocksource: acpi_pm: mask: 0xffffff max_cycles: 0xffffff, max_idle_ns: 2085701024 ns
[    2.219650] NET: Registered protocol family 2
[    2.221356] TCP established hash table entries: 8192 (order: 4, 65536 bytes)
[    2.223699] TCP bind hash table entries: 8192 (order: 5, 131072 bytes)
[    2.225526] TCP: Hash tables configured (established 8192 bind 8192)
[    2.227656] UDP hash table entries: 512 (order: 2, 16384 bytes)
[    2.229461] UDP-Lite hash table entries: 512 (order: 2, 16384 bytes)
[    2.231357] NET: Registered protocol family 1
[    2.232746] pci 0000:00:00.0: Limiting direct PCI/PCI transfers
[    2.234511] pci 0000:00:01.0: Activating ISA DMA hang workarounds
[    2.236411] Unpacking initramfs...
[    4.387501] Freeing initrd memory: 10792K
[    4.481894] RAPL PMU detected, API unit is 2^-32 Joules, 3 fixed counters 10737418240 ms ovfl timer
[    4.578429] hw unit of domain pp0-core 2^-0 Joules
[    4.618960] hw unit of domain package 2^-0 Joules
[    4.632464] hw unit of domain dram 2^-0 Joules
[    4.658127] platform rtc_cmos: registered platform RTC device (no PNP device found)
[    4.722574] Scanning for low memory corruption every 60 seconds
[    4.748930] audit: initializing netlink subsys (disabled)
[    4.751000] audit: type=2000 audit(1519442691.878:1): initialized
[    4.753149] Initialise system trusted keyring
[    4.755377] HugeTLB registered 2 MB page size, pre-allocated 0 pages
[    4.759617] zbud: loaded
[    4.760962] VFS: Disk quotas dquot_6.6.0
[    4.762888] VFS: Dquot-cache hash table entries: 512 (order 0, 4096 bytes)
[    4.765313] squashfs: version 4.0 (2009/01/31) Phillip Lougher
[    4.767743] fuse init (API version 7.23)
[    4.769131] Key type big_key registered
[    4.770479] Allocating IMA MOK and blacklist keyrings.
[    4.774115] Key type asymmetric registered
[    4.775369] Asymmetric key parser 'x509' registered
[    4.776873] Block layer SCSI generic (bsg) driver version 0.4 loaded (major 249)
[    4.779291] io scheduler noop registered
[    4.780786] io scheduler deadline registered (default)
[    4.782500] io scheduler cfq registered
[    4.783760] pci_hotplug: PCI Hot Plug PCI Core version: 0.5
[    4.785491] pciehp: PCI Express Hot Plug Controller Driver version: 0.4
[    4.787568] ACPI: AC Adapter [AC] (on-line)
[    4.788909] input: Power Button as /devices/LNXSYSTM:00/LNXPWRBN:00/input/input0
[    4.791431] ACPI: Power Button [PWRF]
[    4.792607] input: Sleep Button as /devices/LNXSYSTM:00/LNXSLPBN:00/input/input1
[    4.795006] ACPI: Sleep Button [SLPF]
[    4.796534] GHES: HEST is not enabled!
[    4.797902] Serial: 8250/16550 driver, 32 ports, IRQ sharing enabled
[    4.821897] 00:02: ttyS0 at I/O 0x3f8 (irq = 4, base_baud = 115200) is a 16550A
[    4.826182] Linux agpgart interface v0.103
[    4.829871] loop: module loaded
[    4.832319] scsi host0: ata_piix
[    4.834096] scsi host1: ata_piix
[    4.835343] ata1: PATA max UDMA/33 cmd 0x1f0 ctl 0x3f6 bmdma 0xd000 irq 14
[    4.837437] ata2: PATA max UDMA/33 cmd 0x170 ctl 0x376 bmdma 0xd008 irq 15
[    4.839802] libphy: Fixed MDIO Bus: probed
[    4.842034] tun: Universal TUN/TAP device driver, 1.6
[    4.843429] tun: (C) 1999-2004 Max Krasnyansky <maxk@qualcomm.com>
[    4.845325] PPP generic driver version 2.4.2
[    4.846946] ehci_hcd: USB 2.0 'Enhanced' Host Controller (EHCI) Driver
[    4.848877] ehci-pci: EHCI PCI platform driver
[    4.850512] ehci-platform: EHCI generic platform driver
[    4.852191] ohci_hcd: USB 1.1 'Open' Host Controller (OHCI) Driver
[    4.853897] ohci-pci: OHCI PCI platform driver
[    4.855320] ohci-platform: OHCI generic platform driver
[    4.856859] uhci_hcd: USB Universal Host Controller Interface driver
[    4.858746] i8042: PNP: PS/2 Controller [PNP0303:PS2K,PNP0f03:PS2M] at 0x60,0x64 irq 1,12
[    4.861936] serio: i8042 KBD port at 0x60,0x64 irq 1
[    4.863358] serio: i8042 AUX port at 0x60,0x64 irq 12
[    4.865088] mousedev: PS/2 mouse device common for all mice
[    4.867462] rtc_cmos rtc_cmos: rtc core: registered rtc_cmos as rtc0
[    4.869387] input: AT Translated Set 2 keyboard as /devices/platform/i8042/serio0/input/input2
[    4.872145] rtc_cmos rtc_cmos: alarms up to one day, 114 bytes nvram
[    4.873970] i2c /dev entries driver
[    4.875334] device-mapper: uevent: version 1.0.3
[    4.877066] device-mapper: ioctl: 4.34.0-ioctl (2015-10-28) initialised: dm-devel@redhat.com
[    4.879829] ledtrig-cpu: registered to indicate activity on CPUs
[    4.882247] NET: Registered protocol family 10
[    4.883912] NET: Registered protocol family 17
[    4.885377] Key type dns_resolver registered
[    4.887017] microcode: CPU0 sig=0x306e4, pf=0x2, revision=0x19
[    4.889527] microcode: CPU1 sig=0x306e4, pf=0x2, revision=0x19
[    4.891400] microcode: Microcode Update Driver: v2.01 <tigran@aivazian.fsnet.co.uk>, Peter Oruba
[    4.894045] registered taskstats version 1
[    4.895382] Loading compiled-in X.509 certificates
[    4.897704] Loaded X.509 cert 'Build time autogenerated kernel key: 4c603087bab8f0a02cb3b4e1fb4c40f507e71ef1'
[    4.900842] zswap: loaded using pool lzo/zbud
[    4.905252] Key type trusted registered
[    4.911950] Key type encrypted registered
[    4.913218] AppArmor: AppArmor sha1 policy hashing enabled
[    4.914812] ima: No TPM chip found, activating TPM-bypass!
[    4.916390] evm: HMAC attrs: 0x1
[    4.918108]   Magic number: 6:468:412
[    4.919804] rtc_cmos rtc_cmos: setting system clock to 2018-02-24 03:24:48 UTC (1519442688)
[    4.922609] BIOS EDD facility v0.16 2004-Jun-25, 0 devices found
[    4.924349] EDD information not available.
[    4.999813] Freeing unused kernel memory: 1508K
[    5.001834] Write protecting the kernel read-only data: 14336k
[    5.005129] Freeing unused kernel memory: 1728K
[    5.007738] Freeing unused kernel memory: 108K
Loading, please wait...
starting version[    5.037167] random: systemd-udevd: uninitialized urandom read (16 bytes read, 2 bits of entropy available)
 229
[    5.038167] random: udevadm: uninitialized urandom read (16 bytes read, 2 bits of entropy available)
[    5.038209] random: udevadm: uninitialized urandom read (16 bytes read, 2 bits of entropy available)
[    5.058498] random: udevadm: uninitialized urandom read (16 bytes read, 2 bits of entropy available)
[    5.058572] random: udevadm: uninitialized urandom read (16 bytes read, 2 bits of entropy available)
[    5.058850] random: udevadm: uninitialized urandom read (16 bytes read, 2 bits of entropy available)
[    5.058963] random: udevadm: uninitialized urandom read (16 bytes read, 2 bits of entropy available)
[    5.059072] random: udevadm: uninitialized urandom read (16 bytes read, 2 bits of entropy available)
[    5.059179] random: udevadm: uninitialized urandom read (16 bytes read, 2 bits of entropy available)
[    5.059290] random: udevadm: uninitialized urandom read (16 bytes read, 2 bits of entropy available)
[    5.157839] Fusion MPT base driver 3.04.20
[    5.159155] Copyright (c) 1999-2008 LSI Corporation
[    5.188266] e1000: Intel(R) PRO/1000 Network Driver - version 7.3.21-k8-NAPI
[    5.190513] e1000: Copyright (c) 1999-2006 Intel Corporation.
[    5.196246] Fusion MPT SPI Host driver 3.04.20
[    5.197982] AVX version of gcm_enc/dec engaged.
[    5.228969] AES CTR mode by8 optimization enabled
[    5.410997] input: ImExPS/2 Generic Explorer Mouse as /devices/platform/i8042/serio1/input/input4
[    5.610711] e1000 0000:00:03.0 eth0: (PCI:33MHz:32-bit) 02:eb:47:94:e5:1e
[    5.623708] e1000 0000:00:03.0 eth0: Intel(R) PRO/1000 Network Connection
[    5.639720] mptbase: ioc0: Initiating bringup
[    5.640270] e1000 0000:00:03.0 enp0s3: renamed from eth0
[    5.662296] tsc: Refined TSC clocksource calibration: 2599.546 MHz
[    5.691111] clocksource: tsc: mask: 0xffffffffffffffff max_cycles: 0x25788f4a379, max_idle_ns: 440795232546 ns
[    5.742381] ioc0: LSI53C1030 A0: Capabilities={Initiator}
[    7.405211] scsi host2: ioc0: LSI53C1030 A0, FwRev=00000000h, Ports=1, MaxQ=256, IRQ=20
[    7.768718] scsi 2:0:0:0: Direct-Access     VBOX     HARDDISK         1.0  PQ: 0 ANSI: 5
[    7.779886] scsi target2:0:0: Beginning Domain Validation
[    7.785580] scsi target2:0:0: Domain Validation skipping write tests
[    7.788656] scsi target2:0:0: Ending Domain Validation
[    7.791410] scsi target2:0:0: asynchronous
[    7.794662] scsi 2:0:1:0: Direct-Access     VBOX     HARDDISK         1.0  PQ: 0 ANSI: 5
[    7.798614] scsi target2:0:1: Beginning Domain Validation
[    7.803683] scsi target2:0:1: Domain Validation skipping write tests
[    7.806270] scsi target2:0:1: Ending Domain Validation
[    7.808620] scsi target2:0:1: asynchronous
[    7.823887] sd 2:0:0:0: Attached scsi generic sg0 type 0
[    7.824656] sd 2:0:0:0: [sda] 20971520 512-byte logical blocks: (10.7 GB/10.0 GiB)
[    7.824852] sd 2:0:0:0: [sda] Write Protect is off
[    7.825012] sd 2:0:0:0: [sda] Incomplete mode parameter data
[    7.825014] sd 2:0:0:0: [sda] Assuming drive cache: write through
[    7.831478]  sda: sda1
[    7.832788] sd 2:0:0:0: [sda] Attached SCSI disk
[    7.855026] sd 2:0:1:0: Attached scsi generic sg1 type 0
[    7.855086] sd 2:0:1:0: [sdb] 20480 512-byte logical blocks: (10.5 MB/10.0 MiB)
[    7.855255] sd 2:0:1:0: [sdb] Write Protect is off
[    7.855366] sd 2:0:1:0: [sdb] Incomplete mode parameter data
[    7.855367] sd 2:0:1:0: [sdb] Assuming drive cache: write through
[    7.869731] sd 2:0:1:0: [sdb] Attached SCSI disk
[    8.146383] floppy0: no floppy controllers found
Begin: Loading essential drivers ... [    9.935587] md: linear personality registered for level -1
[    9.941512] md: multipath personality registered for level -4
[    9.947509] md: raid0 personality registered for level 0
[    9.953736] md: raid1 personality registered for level 1
[   10.026003] raid6: sse2x1   gen()  5994 MB/s
[   10.096967] raid6: sse2x1   xor()  5186 MB/s
[   10.166225] raid6: sse2x2   gen()  4671 MB/s
[   10.250005] raid6: sse2x2   xor()  5755 MB/s
[   10.317988] raid6: sse2x4   gen()  9230 MB/s
[   10.385999] raid6: sse2x4   xor()  6861 MB/s
[   10.387425] raid6: using algorithm sse2x4 gen() 9230 MB/s
[   10.389053] raid6: .... xor() 6861 MB/s, rmw enabled
[   10.390551] raid6: using ssse3x2 recovery algorithm
[   10.394210] xor: automatically using best checksumming function:
[   10.614314]    avx       : 15627.000 MB/sec
[   10.731358] async_tx: api initialized (async)
[   10.741783] md: raid6 personality registered for level 6
[   10.743582] md: raid5 personality registered for level 5
[   10.745154] md: raid4 personality registered for level 4
[   10.755736] md: raid10 personality registered for level 10
done.
Begin: Running /scripts/init-premount ... done.
Begin: Mounting root file system ... Begin: Running /scripts/local-top ... done.
Begin: Running /scripts/local-premount ... [   10.797452] Btrfs loaded
Scanning for Btrfs filesystems
done.
Warning: fsck not present, so skipping root file system
[   10.855297] EXT4-fs (sda1): mounted filesystem with ordered data mode. Opts: (null)
done.
Begin: Running /scripts/local-bottom ... done.
Begin: Running /scripts/init-bottom ... done.
[   11.511030] systemd[1]: systemd 229 running in system mode. (+PAM +AUDIT +SELINUX +IMA +APPARMOR +SMACK +SYSVINIT +UTMP +LIBCRYPTSETUP +GCRYPT +GNUTLS +ACL +XZ -LZ4 +SECCOMP +BLKID +ELFUTILS +KMOD -IDN)
[   11.543021] systemd[1]: Detected virtualization oracle.
[   11.548234] systemd[1]: Detected architecture x86-64.

Welcome to [1mUbuntu 16.04.3 LTS[0m!

[   11.592116] systemd[1]: Set hostname to <ubuntu>.
[   11.620272] systemd[1]: Initializing machine ID from random generator.
[   11.635779] systemd[1]: Installed transient /etc/machine-id file.
[ 12.023667] random: nonblocking pool is initialized

[   12.203307] systemd[1]: Started Trigger resolvconf update for networkd DNS.
[[0;32m  OK  [0m] Started Trigger resolvconf update for networkd DNS.
[   12.207673] systemd[1]: Listening on /dev/initctl Compatibility Named Pipe.
[[0;32m  OK  [0m] Listening on /dev/initctl Compatibility Named Pipe.
[   12.211998] systemd[1]: Started Forward Password Requests to Wall Directory Watch.
[[0;32m  OK  [0m] Started Forward Password Requests to Wall Directory Watch.
[   12.216948] systemd[1]: Listening on Journal Socket (/dev/log).
[[0;32m  OK  [0m] Listening on Journal Socket (/dev/log).
[   12.220618] systemd[1]: Listening on LVM2 poll daemon socket.
[[0;32m  OK  [0m] Listening on LVM2 poll daemon socket.
[   12.224267] systemd[1]: Listening on Journal Socket.
[[0;32m  OK  [0m] Listening on Journal Socket.
[   12.227495] systemd[1]: Listening on Syslog Socket.
[[0;32m  OK  [0m] Listening on Syslog Socket.
[   12.230675] systemd[1]: Reached target Encrypted Volumes.
[[0;32m  OK  [0m] Reached target Encrypted Volumes.
[   12.234492] systemd[1]: Listening on Device-mapper event daemon FIFOs.
[[0;32m  OK  [0m] Listening on Device-mapper event daemon FIFOs.
[   12.238873] systemd[1]: Listening on udev Kernel Socket.
[[0;32m  OK  [0m] Listening on udev Kernel Socket.
[   12.243471] systemd[1]: Created slice User and Session Slice.
[[0;32m  OK  [0m] Created slice User and Session Slice.
[   12.263193] systemd[1]: Listening on LVM2 metadata daemon socket.
[[0;32m  OK  [0m] Listening on LVM2 metadata daemon socket.
[   12.267441] systemd[1]: Reached target Swap.
[[0;32m  OK  [0m] Reached target Swap.
[   12.270525] systemd[1]: Listening on udev Control Socket.
[[0;32m  OK  [0m] Listening on udev Control Socket.
[   12.298933] systemd[1]: Listening on Journal Audit Socket.
[[0;32m  OK  [0m] Listening on Journal Audit Socket.
[   12.318320] systemd[1]: Reached target User and Group Name Lookups.
[[0;32m  OK  [0m] Reached target User and Group Name Lookups.
[   12.323120] systemd[1]: Set up automount Arbitrary Executable File Formats File System Automount Point.
[[0;32m  OK  [0m] Set up automount Arbitrary Executab...ats File System Automount Point.
[   12.329598] systemd[1]: Created slice System Slice.
[[0;32m  OK  [0m] Created slice System Slice.
[   12.350484] systemd[1]: Starting Monitoring of LVM2 mirrors, snapshots etc. using dmeventd or progress polling...
         Starting Monitoring of LVM2 mirrors... dmeventd or progress polling...
[   12.357871] systemd[1]: Created slice system-serial\x2dgetty.slice.
[[0;32m  OK  [0m] Created slice system-serial\x2dgetty.slice.
[   12.414446] systemd[1]: Starting Nameserver information manager...
         Starting Nameserver information manager...
[   12.425256] systemd[1]: Reached target Slices.
[[0;32m  OK  [0m] Reached target Slices.
[   12.454305] systemd[1]: Starting Load Kernel Modules...
         Starting Load Kernel Modules...
[   12.469408] systemd[1]: Mounting Huge Pages File System...
         Mounting Huge Pages File System...
[   12.508756] Loading iSCSI transport class v2.0-870.
[   12.550370] systemd[1]: Starting Journal Service...
         Starting Journal Service...
[   12.563799] systemd[1]: Starting Create list of required static device nodes for the current kernel...
         Starting Create list of required st... nodes for the current kernel...
[   12.604225] iscsi: registered transport (tcp)
[   12.610224] systemd[1]: Mounting POSIX Message Queue File System...
         Mounting POSIX Message Queue File System...
[   12.627876] systemd[1]: Starting Set console keymap...
         Starting Set console keymap...
[   12.658414] systemd[1]: Starting Uncomplicated firewall...
         Starting Uncomplicated firewall...
[   12.683359] systemd[1]: Starting Remount Root and Kernel File Systems...
         Startin[   12.701350] EXT4-fs (sda1): re-mounted. Opts: (null)
g Remount Root and Kernel File Systems...
[   12.722140] systemd[1]: Mounting Debug File System...
         Mounting Debug File System...
[   12.732522] iscsi: registered transport (iser)
[   12.739105] systemd[1]: Mounted POSIX Message Queue File System.
[[0;32m  OK  [0m] Mounted POSIX Message Queue File System.
[   12.754217] systemd[1]: Mounted Debug File System.
[[0;32m  OK  [0m] Mounted Debug File System.
[   12.770194] systemd[1]: Mounted Huge Pages File System.
[[0;32m  OK  [0m] Mounted Huge Pages File System.
[   12.802336] systemd[1]: Started Journal Service.
[[0;32m  OK  [0m] Started Journal Service.
[[0;32m  OK  [0m] Started Load Kernel Modules.
[[0;32m  OK  [0m] Started Create list of required sta...ce nodes for the current kernel.
[[0;32m  OK  [0m] Started Set console keymap.
[[0;32m  OK  [0m] Started Uncomplicated firewall.
[[0;32m  OK  [0m] Started Remount Root and Kernel File Systems.
[[0;32m  OK  [0m] Started Nameserver information manager.
[[0;32m  OK  [0m] Started LVM2 metadata daemon.
         Starting Initial cloud-init job (pre-networking)...
         Starting udev Coldplug all Devices...
         Starting Load/Save Random Seed...
         Starting Create Static Device Nodes in /dev...
         Starting Apply Kernel Variables...
         Mounting FUSE Control File System...
         Starting Flush Journal to Persistent Storage...
[[0;32m  OK  [0m] Mounted FUSE Control File System.
[[0;32m  OK  [0m] Started Load/Save Random Seed.
[[0;32m  OK  [0m] Started Create Static Device Nodes in /dev.
[[0;32m  OK  [0m] Started Apply Kernel Variables.
[[0;32m  OK  [0m] Started udev Coldplug all Devices.
         Starting udev Kernel Device Manager...
[[0;32m  OK  [0m] Started Flush Journal to Persistent Storage.
[[0;32m  OK  [0m] Started Monitoring of LVM2 mirrors,...ng dmeventd or progress polling.
[[0;32m  OK  [0m] Started udev Kernel Device Manager.
[[0;32m  OK  [0m] Started Dispatch Password Requests to Console Directory Watch.
[[0;32m  OK  [0m] Reached target Local File Systems (Pre).
[[0;32m  OK  [0m] Reached target Local File Systems.
         Starting Tell Plymouth To Write Out Runtime Data...
         Starting Set console font and keymap...
         Starting Commit a transient machine-id on disk...
         Starting LSB: AppArmor initialization...
         Starting Create Volatile Files and Directories...
[[0;32m  OK  [0m] Started Tell Plymouth To Write Out Runtime Data.
[[0;32m  OK  [0m] Started Commit a transient machine-id on disk.
[[0;32m  OK  [0m] Started Create Volatile Files and Directories.
[[0;32m  OK  [0m] Reached target System Time Synchronized.
         Starting Update UTMP about System Boot/Shutdown...
[[0;32m  OK  [0m] Started Update UTMP about System Boot/Shutdown.
[[0;32m  OK  [0m] Found device /dev/ttyS0.
[[0;32m  OK  [0m] Listening on Load/Save RF Kill Switch Status /dev/rfkill Watch.
[[0;32m  OK  [0m] Started LSB: AppArmor initialization.
[   15.817427] cloud-init[434]: Cloud-init v. 17.1 running 'init-local' at Sat, 24 Feb 2018 03:24:59 +0000. Up 15.39 seconds.
[[0;32m  OK  [0m] Started Initial cloud-init job (pre-networking).
[[0;32m  OK  [0m] Reached target Network (Pre).
         Starting Raise network interfaces...
[[0;32m  OK  [0m] Started Set console font and keymap.
[[0;32m  OK  [0m] Created slice system-getty.slice.
[[0;32m  OK  [0m] Started Raise network interfaces.
         Starting Initial cloud-init job (metadata service crawler)...
[[0;32m  OK  [0m] Reached target Network.
[   18.467948] cloud-init[939]: Cloud-init v. 17.1 running 'init' at Sat, 24 Feb 2018 03:25:01 +0000. Up 16.86 seconds.
[   18.537961] cloud-init[939]: ci-info: +++++++++++++++++++++++++++++++++++++Net device info++++++++++++++++++++++++++++++++++++++
[   18.543271] cloud-init[939]: ci-info: +--------+------+----------------------------+---------------+-------+-------------------+
[   18.552287] cloud-init[939]: ci-info: | Device |  Up  |          Address           |      Mask     | Scope |     Hw-Address    |
[   18.612792] cloud-init[939]: ci-info: +--------+------+----------------------------+---------------+-------+-------------------+
[   18.651673] cloud-init[939]: ci-info: | enp0s3 | True |         10.0.2.15          | 255.255.255.0 |   .   | 02:eb:47:94:e5:1e |
[   18.670613] cloud-init[939]: ci-info: | enp0s3 | True | fe80::eb:47ff:fe94:e51e/64 |       .       |  link | 02:eb:47:94:e5:1e |
[[0;32m  OK  [0m] Started Initial cloud-init job (metadata service crawler).
[   18.691292] cloud-init[939]: ci-info: |   lo   | True |         127.0.0.1          |   255.0.0.0   |   .   |         .         |
[   18.714892] cloud-init[939]: ci-info: |   lo   | True |          ::1/128           |       .       |  host |         .         |
[   18.781245] cloud-init[939]: ci-info: +--------+------+----------------------------+---------------+-------+-------------------+
[[0;32m  OK  [0m] Reached target System Initialization.
[[0;32m  OK  [0m] Started Daily apt download activities.
[[0;32m  OK  [0m] Started Daily Cleanup of Temporary Directories.
[[0;32m  OK  [0m] Started Daily apt upgrade and clean activities.
[[0;32m  OK  [0m] Started Timer to automatically refresh installed snaps.
[[0;32m  OK  [0m] Listening on UUID daemon activation socket.
[[0;32m  OK  [0m] Reached target Timers.
[   18.800150] cloud-init[939]: ci-info: +++++++++++++++++++++++++++Route IPv4 info++++++++++++++++++++++++++++
[   18.852300] cloud-init[939]: ci-info: +-------+-------------+----------+---------------+-----------+-------+
[   18.852395] cloud-init[939]: ci-info: | Route | Destination | Gateway  |    Genmask    | Interface | Flags |
[   18.852547] cloud-init[939]: ci-info: +-------+-------------+----------+---------------+-----------+-------+
[   18.852638] cloud-init[939]: ci-info: |   0   |   0.0.0.0   | 10.0.2.2 |    0.0.0.0    |   enp0s3  |   UG  |
[   18.852728] cloud-init[939]: ci-info: |   1   |   10.0.2.0  | 0.0.0.0  | 255.255.255.0 |   enp0s3  |   U   |
[   18.852824] cloud-init[939]: ci-info: +-------+-------------+----------+---------------+-----------+-------+
[   18.852952] cloud-init[939]: Generating public/private rsa key pair.
[   18.853045] cloud-init[939]: Your identification has been saved in /etc/ssh/ssh_host_rsa_key.
[   18.853135] cloud-init[939]: Your public key has been saved in /etc/ssh/ssh_host_rsa_key.pub.
[   18.853223] cloud-init[939]: The key fingerprint is:
[   18.853313] cloud-init[939]: SHA256:4LsgFZxamWCzbnZMvdPzEcEaVHnVHsZRTdAlYwf4I1o root@ubuntu-xenial
[   18.853400] cloud-init[939]: The key's randomart image is:
[   18.853497] cloud-init[939]: +---[RSA 2048]----+
[   18.853584] cloud-init[939]: |  +    ..oo. oOBX|
[   18.853671] cloud-init[939]: | . = =  . o.o. B+|
[   18.853760] cloud-init[939]: |  . O o  o.. ....|
[   18.853846] cloud-init[939]: | . = o +.  .E o .|
[   18.853933] cloud-init[939]: |  = + + S .o . . |
[   18.854021] cloud-init[939]: | o o   o o..     |
[   18.854109] cloud-init[939]: |  . . .   .      |
         Starting Socket activation for snappy daemon.
[   18.854770] cloud-init[939]: |   . . .         |
[   19.293891] [cloud-init[0;32m  OK  [0m[939]: ] |      .          |Started ACPI Events Check.

[[0;32m  OK  [0m] Reached target Paths.
[   19.295255] cloud-init[939]: +----[SHA256]-----+
         Starting LXD - unix socket.
[[0;32m  OK  [0m] Listening on ACPID Listen Socket.
[[0;32m  OK  [0m] Listening on D-Bus System Message Bus Socket.
[[0;32m  OK  [0m] Reached target Cloud-config availability.
[[0;32m  OK  [0m] Reached target Network is Online.
[   19.351035] cloud-init[939]: Generating public/private dsa key pair.
[   19.390092] cloud-init[939]: Your identification has been saved in /etc/ssh/ssh_host_dsa_key.
[   19.415077] cloud-init[939]: Your public key has been saved in /etc/ssh/ssh_host_dsa_key.pub.
         Starting iSCSI initiator daemon (iscsid)...
[   19.721087] cloud-init[939]: The key fingerprint is:
[   19.752293] cloud-init[939]: SHA256:B6VsZuaUFfUgkcskf4WGLDCJwEaXrrn5dEW5pYYWDEw root@ubuntu-xenial
[   19.752391] cloud-init[939]: The key's randomart image is:
[   19.752538] cloud-init[939]: +---[DSA 1024]----+
[   19.752640] cloud-init[939]: | oo+Eooo .**o.   |
[   19.752728] cloud-init[939]: |  o.+o.oo*=.oo.  |
[   19.752817] cloud-init[939]: | . .  o &*.o ..  |
[   19.752906] cloud-init[939]: |    .  @ =+ .    |
[   19.752993] cloud-init[939]: |   o  o S ..     |
[   19.753082] cloud-init[939]: |  o  . o .       |
[   19.753171] cloud-init[939]: |   o. .          |
[   19.753258] cloud-init[939]: |  o. .           |
[   19.753346] cloud-init[939]: |   ..            |
[   19.753433] cloud-init[939]: +----[SHA256]-----+
[   19.753519] cloud-init[939]: Generating public/private ecdsa key pair.
[   19.753609] cloud-init[939]: Your identification has been saved in /etc/ssh/ssh_host_ecdsa_key.
[   19.753703] cloud-init[939]: Your public key has been saved in /etc/ssh/ssh_host_ecdsa_key.pub.
[   19.753791] cloud-init[939]: The key fingerprint is:
[[0;32m  OK  [0m] Listening on Socket activation for snappy daemon.
[[0;32m  OK  [0m] Listening on LXD - unix socket.
[   19.754935] cloud-init[939]: SHA256:o8sw2sLAn/QZbIxKEFKfVw7td9xprCzk//bBhD2/+TY root@ubuntu-xenial
[   20.036433] cloud-init[939]: The key's randomart image is:
[   20.039802] cloud-init[939]: +---[ECDSA 256]---+
[   20.043936] cloud-init[939]: | ..   ...        |
[   20.044032] cloud-init[939]: |o  . . +.        |
[   20.044120] cloud-init[939]: |..  o ...  . o . |
[[0;32m  OK  [0m] Reached target Sockets.
[[0;32m  OK  [0m] Reached target Basic System.
[   20.044351] cloud-init[939]: |.    .  . o o B  |
[   20.104476] cloud-init[939]: |o   +   S+ o + + |
[   20.106043] cloud-init[939]: |.o o = . .o o o o|
[   20.106161] cloud-init[939]: |.o+ * +    o   o.|
[   20.106264] cloud-init[939]: | .o= * .    . .E=|
[   20.106511] cloud-init[939]: |  ... o      o.==|
[   20.106616] cloud-init[939]: +----[SHA256]-----+
[   20.106761] cloud-init[939]: Generating public/private ed25519 key pair.
[   20.106864] cloud-init[939]: Your identification has been saved in /etc/ssh/ssh_host_ed25519_key.
[[0;32m  OK  [0m] Started Regular background program processing daemon.
[   20.107311] cloud-init[939]: Your public key has been saved in /etc/ssh/ssh_host_ed25519_key.pub.
         Starting LSB: MD monitoring daemon...
[   20.870761] cloud-init[939]: The key fingerprint is:
[[0;32m  OK  [0m] Started D-Bus System Message Bus.
[   20.962993] cloud-init[939]: SHA256:3EPyxKTVZFnwPRO9WTEhCAii+t6tU135BoEbvXzyCAI root@ubuntu-xenial
[   20.968150] cloud-init[939]: The key's randomart image is:
[   20.970516] cloud-init[939]: +--[ED25519 256]--+
[   20.973179] cloud-init[939]: |   . .. .++o==.=+|
[   20.975317] cloud-init[939]: |  . E  .o=ooo...=|
[   20.977159] cloud-init[939]: | .   .  o+++  .o=|
[   20.979615] cloud-init[939]: |.     ..o*B .  oo|
[   20.981768] cloud-init[939]: |.      oSo+B     |
[   20.984411] cloud-init[939]: | .    . . ..+    |
[   20.986269] cloud-init[939]: |  .  .     .     |
[   20.991404] cloud-init[939]: | . ...           |
[   20.994227] cloud-init[939]: |  . oo.          |
[   20.996438] cloud-init[939]: +----[SHA256]-----+
         Starting LSB: Record successful boot for GRUB...
[[0;32m  OK  [0m] Started ACPI event daemon.
         Starting Accounts Service...
[[0;32m  OK  [0m] Started Unattended Upgrades Shutdown.
[[0;32m  OK  [0m] Started Deferred execution scheduler.
         Starting /etc/rc.local Compatibility...
         Starting Apply the settings specified in cloud-config...
         Starting LXD - container startup/shutdown...
         Starting Login Service...
         Starting System Logging Service...
         Starting Pollinate to seed the pseudo random number generator...
[[0;32m  OK  [0m] Started FUSE filesystem for LXC.
         Starting Snappy daemon...
[[0;32m  OK  [0m] Started iSCSI initiator daemon (iscsid).
[[0;32m  OK  [0m] Started /etc/rc.local Compatibility.
         Starting Login to default iSCSI targets...
[[0;32m  OK  [0m] Started System Logging Service.
[[0;32m  OK  [0m] Started Login Service.
[[0;32m  OK  [0m] Started LSB: Record successful boot for GRUB.
         Starting Authenticate and Authorize Users to Run Privileged Tasks...
[[0;32m  OK  [0m] Started LSB: MD monitoring daemon.
[[0;32m  OK  [0m] Started Login to default iSCSI targets.
[[0;32m  OK  [0m] Reached target Remote File Systems (Pre).
[[0;32m  OK  [0m] Reached target Remote File Systems.
         Starting LSB: Set the CPU Frequency Scaling governor to "ondemand"...
         Starting Permit User Sessions...
         Starting LSB: daemon to balance interrupts for SMP systems...
         Starting LSB: automatic crash report generation...
         Starting LSB: VirtualBox Linux Additions...
[[0;32m  OK  [0m] Started Permit User Sessions.
[[0;32m  OK  [0m] Started Authenticate and Authorize Users to Run Privileged Tasks.
         Starting Terminate Plymouth Boot Screen...
         Starting Hold until boot process finishes up...
[[0;32m  OK  [0m] Started Accounts Service.
[[0;32m  OK  [0m] Started Hold until boot process finishes up.
[[0;32m  OK  [0m] Started Terminate Plymouth Boot Screen.
[[0;32m  OK  [0m] Started LSB: Set the CPU Frequency Scaling governor to "ondemand".
[[0;32m  OK  [0m] Started Getty on tty1.
[[0;32m  OK  [0m] Started Serial Getty on ttyS0.
[[0;32m  OK  [0m] Reached target Login Prompts.
         Starting Set console scheme...
[[0;32m  OK  [0m] Started LSB: automatic crash report generation.
[[0;32m  OK  [0m] Started LSB: daemon to balance interrupts for SMP systems.
[[0;32m  OK  [0m] Started Set console scheme.
[[0;32m  OK  [0m] Started LSB: VirtualBox Linux Additions.
[[0;32m  OK  [0m] Started Snappy daemon.
[[0;32m  OK  [0m] Started LXD - container startup/shutdown.
[   23.090394] cloud-init[1064]: Generating locales (this might take a while)...
[[0;32m  OK  [0m] Started Pollinate to seed the pseudo random number generator.
         Starting OpenBSD Secure Shell server...
[[0;32m  OK  [0m] Started OpenBSD Secure Shell server.
[[0;32m  OK  [0m] Reached target Multi-User System.
[[0;32m  OK  [0m] Reached target Graphical Interface.
         Starting Update UTMP about System Runlevel Changes...
[[0;32m  OK  [0m] Started Update UTMP about System Runlevel Changes.
[[0;32m  OK  [0m] Created slice User Slice of vagrant.
         Starting User Manager for UID 1000...
[[0;32m  OK  [0m] Started Session 1 of user vagrant.
[[0;32m  OK  [0m] Started User Manager for UID 1000.
[   24.747942] cloud-init[1064]:   en_US.UTF-8... done
[   24.773607] cloud-init[1064]: Generation complete.
[   25.762602] cloud-init[1064]: Cloud-init v. 17.1 running 'modules:config' at Sat, 24 Feb 2018 03:25:06 +0000. Up 22.57 seconds.
[[0;32m  OK  [0m] Started Apply the settings specified in cloud-config.
         Starting Execute cloud user/final scripts...
ci-info: no authorized ssh keys fingerprints found for user ubuntu.
<14>Feb 24 03:25:11 ec2: 
<14>Feb 24 03:25:11 ec2: #############################################################
<14>Feb 24 03:25:11 ec2: -----BEGIN SSH HOST KEY FINGERPRINTS-----
<14>Feb 24 03:25:11 ec2: 1024 SHA256:B6VsZuaUFfUgkcskf4WGLDCJwEaXrrn5dEW5pYYWDEw root@ubuntu-xenial (DSA)
<14>Feb 24 03:25:11 ec2: 256 SHA256:o8sw2sLAn/QZbIxKEFKfVw7td9xprCzk//bBhD2/+TY root@ubuntu-xenial (ECDSA)
<14>Feb 24 03:25:11 ec2: 256 SHA256:3EPyxKTVZFnwPRO9WTEhCAii+t6tU135BoEbvXzyCAI root@ubuntu-xenial (ED25519)
<14>Feb 24 03:25:11 ec2: 2048 SHA256:4LsgFZxamWCzbnZMvdPzEcEaVHnVHsZRTdAlYwf4I1o root@ubuntu-xenial (RSA)
<14>Feb 24 03:25:11 ec2: -----END SSH HOST KEY FINGERPRINTS-----
<14>Feb 24 03:25:11 ec2: #############################################################
-----BEGIN SSH HOST KEY KEYS-----
ecdsa-sha2-nistp256 AAAAE2VjZHNhLXNoYTItbmlzdHAyNTYAAAAIbmlzdHAyNTYAAABBBFQYy5EoN+lOpF84oHcMkfHgfgaAbxXxXFOwMMRz3A4zgXBGvwSzvBStAOKd2lLShsvJt5WO8HDxd6f6/ZZRB6c= root@ubuntu-xenial
ssh-ed25519 AAAAC3NzaC1lZDI1NTE5AAAAIEuWyevF3Z3uGGX4B5opucCHp/Rs/dOOSQ6/WWRbAzfG root@ubuntu-xenial
ssh-rsa AAAAB3NzaC1yc2EAAAADAQABAAABAQC78eU4Ocod6kVnDjZW3+5OllIa6sqJUnz+D4ojcEyKonevx3kNNTlDxU8MA4Ax5yPt1raFtuly7vBZrY5LcDQ/S1EUaemIiMC3g8IiKj/sx4Hk0jaAYxpgm3w0NR9KkEnRlxWtCeKki86kelUSXyuFKY2ank9Ag3S6/atvHD1Q2eIkLE+yX98Z0zCTlMtexDLxavXETaliudN8KtJNxqIlubLcshOOH29drAb1r8a1S0IeqDxYprQl+zbhOinYz1/21YhLDJ/di++tzalUVZLfdxPbJmb6k0dCyGmVAHF5kLcP5pFb/RkBulZ38Qf9JRwZPvzYax42AfUDvkNBmU1D root@ubuntu-xenial
-----END SSH HOST KEY KEYS-----
[   27.419044] cloud-init[1384]: Cloud-init v. 17.1 running 'modules:final' at Sat, 24 Feb 2018 03:25:11 +0000. Up 26.78 seconds.
[   27.419378] cloud-init[1384]: ci-info: no authorized ssh keys fingerprints found for user ubuntu.
[   27.419597] cloud-init[1384]: Cloud-init v. 17.1 finished at Sat, 24 Feb 2018 03:25:11 +0000. Datasource DataSourceNoCloud [seed=/dev/sdb][dsmode=net].  Up 27.40 seconds

Ubuntu 16.04.3 LTS ubuntu-xenial ttyS0

ubuntu-xenial login: 